********************************************************************************
product = Open Liberty 19.0.0.4 (wlp-1.0.27.cl190420190419-0642)
wlp.install.dir = /home/melissa/Docs/Studyroom/begin/target/liberty/wlp/
java.home = /usr/lib/jvm/java-11-openjdk-amd64
java.version = 11.0.13
java.runtime = OpenJDK Runtime Environment (11.0.13+8-Ubuntu-0ubuntu1.20.04)
os = Linux (5.10.60.1-microsoft-standard-WSL2; amd64) (en)
process = 2706@Melissa-Desktop
********************************************************************************
[3/4/22, 9:57:24:644 MST] 00000001 com.ibm.ws.kernel.launch.internal.FrameworkManager           A CWWKE0001I: The server defaultServer has been launched.
[3/4/22, 9:57:25:337 MST] 00000001 com.ibm.ws.kernel.launch.internal.FrameworkManager           I CWWKE0002I: The kernel started after 0.836 seconds
[3/4/22, 9:57:25:363 MST] 0000001d com.ibm.ws.kernel.feature.internal.FeatureManager            I CWWKF0007I: Feature update started.
[3/4/22, 9:57:25:559 MST] 00000015 com.ibm.ws.security.ready.internal.SecurityReadyServiceImpl  I CWWKS0007I: The security service is starting...
[3/4/22, 9:57:25:602 MST] 00000015 .apache.cxf.cxf.core.3.2:1.0.27.cl190420190419-0642(id=180)] I Aries Blueprint packages not available. So namespaces will not be registered
[3/4/22, 9:57:25:604 MST] 00000015 .apache.cxf.cxf.core.3.2:1.0.27.cl190420190419-0642(id=180)] I Aries Blueprint packages not available. So namespaces will not be registered
[3/4/22, 9:57:25:749 MST] 00000015 com.ibm.ws.app.manager.internal.monitor.DropinMonitor        A CWWKZ0058I: Monitoring dropins for applications.
[3/4/22, 9:57:25:963 MST] 00000021 com.ibm.ws.tcpchannel.internal.TCPChannel                    I CWWKO0219I: TCP Channel defaultHttpEndpoint has been started and is now listening for requests on host localhost  (IPv4: 127.0.0.1) port 9080.
[3/4/22, 9:57:26:050 MST] 00000015 com.ibm.ws.cache.ServerCache                                 I DYNA1001I: WebSphere Dynamic Cache instance named baseCache initialized successfully.
[3/4/22, 9:57:26:051 MST] 00000015 com.ibm.ws.cache.ServerCache                                 I DYNA1071I: The cache provider default is being used.
[3/4/22, 9:57:26:051 MST] 00000015 com.ibm.ws.cache.CacheServiceImpl                            I DYNA1056I: Dynamic Cache (object cache) initialized successfully.
[3/4/22, 9:57:26:103 MST] 00000017 com.ibm.ws.ssl.config.WSKeyStore                             A CWPKI0820A: The default keystore has been created using the 'keystore_password' environment variable.
[3/4/22, 9:57:26:141 MST] 00000026 com.ibm.ws.security.token.ltpa.internal.LTPAKeyCreateTask    I CWWKS4105I: LTPA configuration is ready after 0.026 seconds.
[3/4/22, 9:57:26:151 MST] 00000015 ibm.ws.security.authentication.internal.jaas.JAASServiceImpl I CWWKS1123I: The collective authentication plugin with class name NullCollectiveAuthenticationPlugin has been activated. 
[3/4/22, 9:57:26:309 MST] 00000015 com.ibm.ws.security.jwt.internal.ConsumerImpl                I CWWKS6012I: The JSON Web Token (JWT) consumer service is available.
[3/4/22, 9:57:26:319 MST] 00000015 com.ibm.ws.security.jwt.web.JwtEndpointServices              I CWWKS6002I: The JSON Web Token (JWT) endpoint service is available.
[3/4/22, 9:57:26:330 MST] 00000017 com.ibm.ws.ssl.config.WSKeyStore                             I Successfully loaded default keystore: /home/melissa/Docs/Studyroom/begin/target/liberty/wlp/usr/servers/defaultServer/resources/security/key.p12 of type: PKCS12
[3/4/22, 9:57:26:358 MST] 00000015 .ws.security.mp.jwt.v11.config.impl.MpConfigProxyServiceImpl I CWWKS5775I: The MicroProfile JWT version 1.1 mpConfigProxy processed successfully.
[3/4/22, 9:57:26:369 MST] 00000015 com.ibm.ws.security.mp.jwt.impl.MicroProfileJwtConfigImpl    I CWWKS5500I: The MicroProfile JWT configuration [defaultMpJwt] was successfully processed.
[3/4/22, 9:57:26:373 MST] 00000015 com.ibm.ws.security.mp.jwt.impl.MicroProfileJwtServiceImpl   I CWWKS5500I: The MicroProfile JWT configuration [MicroProfileJwtService] was successfully processed.
[3/4/22, 9:57:26:379 MST] 0000002c com.ibm.ws.tcpchannel.internal.TCPChannel                    I CWWKO0219I: TCP Channel defaultHttpEndpoint-ssl has been started and is now listening for requests on host localhost  (IPv4: 127.0.0.1) port 9443.
[3/4/22, 9:57:26:609 MST] 00000015 com.ibm.ws.session.WASSessionCore                            I SESN8501I: The session manager did not find a persistent storage location; HttpSession objects will be stored in the local application server's memory.
[3/4/22, 9:57:27:008 MST] 00000038 com.ibm.ws.app.manager.AppMessageHelper                      I CWWKZ0018I: Starting application demo.
[3/4/22, 9:57:27:195 MST] 00000034 com.ibm.ws.webcontainer.osgi.webapp.WebGroup                 I SRVE0169I: Loading Web Module: PublicMicroProfileMetrics.
[3/4/22, 9:57:27:196 MST] 00000036 com.ibm.ws.webcontainer.osgi.webapp.WebGroup                 I SRVE0169I: Loading Web Module: OpenAPIUI.
[3/4/22, 9:57:27:196 MST] 00000033 com.ibm.ws.webcontainer.osgi.webapp.WebGroup                 I SRVE0169I: Loading Web Module: ibm/api.
[3/4/22, 9:57:27:198 MST] 00000034 com.ibm.ws.webcontainer                                      I SRVE0250I: Web Module PublicMicroProfileMetrics has been bound to default_host.
[3/4/22, 9:57:27:198 MST] 00000033 com.ibm.ws.webcontainer                                      I SRVE0250I: Web Module ibm/api has been bound to default_host.
[3/4/22, 9:57:27:198 MST] 00000036 com.ibm.ws.webcontainer                                      I SRVE0250I: Web Module OpenAPIUI has been bound to default_host.
[3/4/22, 9:57:27:199 MST] 00000034 com.ibm.ws.http.internal.VirtualHostImpl                     A CWWKT0016I: Web application available (default_host): http://localhost:9080/metrics/
[3/4/22, 9:57:27:202 MST] 00000036 com.ibm.ws.http.internal.VirtualHostImpl                     A CWWKT0016I: Web application available (default_host): http://localhost:9080/openapi/ui/
[3/4/22, 9:57:27:202 MST] 00000033 com.ibm.ws.http.internal.VirtualHostImpl                     A CWWKT0016I: Web application available (default_host): http://localhost:9080/ibm/api/
[3/4/22, 9:57:27:203 MST] 00000032 com.ibm.ws.webcontainer.osgi.webapp.WebGroup                 I SRVE0169I: Loading Web Module: com.ibm.ws.security.jwt.
[3/4/22, 9:57:27:205 MST] 00000032 com.ibm.ws.webcontainer                                      I SRVE0250I: Web Module com.ibm.ws.security.jwt has been bound to default_host.
[3/4/22, 9:57:27:205 MST] 00000032 com.ibm.ws.http.internal.VirtualHostImpl                     A CWWKT0016I: Web application available (default_host): http://localhost:9080/jwt/
[3/4/22, 9:57:27:205 MST] 00000037 com.ibm.ws.webcontainer.osgi.webapp.WebGroup                 I SRVE0169I: Loading Web Module: health.
[3/4/22, 9:57:27:205 MST] 00000037 com.ibm.ws.webcontainer                                      I SRVE0250I: Web Module health has been bound to default_host.
[3/4/22, 9:57:27:206 MST] 00000037 com.ibm.ws.http.internal.VirtualHostImpl                     A CWWKT0016I: Web application available (default_host): http://localhost:9080/health/
[3/4/22, 9:57:27:208 MST] 00000035 com.ibm.ws.webcontainer.osgi.webapp.WebGroup                 I SRVE0169I: Loading Web Module: MicroProfileOpenAPI.
[3/4/22, 9:57:27:209 MST] 00000035 com.ibm.ws.webcontainer                                      I SRVE0250I: Web Module MicroProfileOpenAPI has been bound to default_host.
[3/4/22, 9:57:27:209 MST] 00000035 com.ibm.ws.http.internal.VirtualHostImpl                     A CWWKT0016I: Web application available (default_host): http://localhost:9080/openapi/
[3/4/22, 9:57:27:259 MST] 00000040 com.ibm.ws.session.WASSessionCore                            I SESN0176I: A new session context will be created for application key default_host/jwt
[3/4/22, 9:57:27:260 MST] 00000021 com.ibm.ws.session.WASSessionCore                            I SESN0176I: A new session context will be created for application key default_host/openapi
[3/4/22, 9:57:27:263 MST] 0000003f com.ibm.ws.session.WASSessionCore                            I SESN0176I: A new session context will be created for application key default_host/openapi/ui
[3/4/22, 9:57:27:263 MST] 00000026 com.ibm.ws.session.WASSessionCore                            I SESN0176I: A new session context will be created for application key default_host/metrics
[3/4/22, 9:57:27:263 MST] 0000001e com.ibm.ws.session.WASSessionCore                            I SESN0176I: A new session context will be created for application key default_host/ibm/api
[3/4/22, 9:57:27:264 MST] 0000001f com.ibm.ws.session.WASSessionCore                            I SESN0176I: A new session context will be created for application key default_host/health
[3/4/22, 9:57:27:278 MST] 00000040 com.ibm.ws.util                                              I SESN0172I: The session manager is using the Java default SecureRandom implementation for session ID generation.
[3/4/22, 9:57:27:286 MST] 0000001f com.ibm.ws.util                                              I SESN0172I: The session manager is using the Java default SecureRandom implementation for session ID generation.
[3/4/22, 9:57:27:288 MST] 0000001e com.ibm.ws.util                                              I SESN0172I: The session manager is using the Java default SecureRandom implementation for session ID generation.
[3/4/22, 9:57:27:289 MST] 00000026 com.ibm.ws.util                                              I SESN0172I: The session manager is using the Java default SecureRandom implementation for session ID generation.
[3/4/22, 9:57:27:289 MST] 0000003f com.ibm.ws.util                                              I SESN0172I: The session manager is using the Java default SecureRandom implementation for session ID generation.
[3/4/22, 9:57:27:294 MST] 00000021 com.ibm.ws.util                                              I SESN0172I: The session manager is using the Java default SecureRandom implementation for session ID generation.
[3/4/22, 9:57:27:321 MST] 0000003f com.ibm.ws.cache.CacheServiceImpl                            I DYNA1056I: Dynamic Cache (object cache) initialized successfully.
[3/4/22, 9:57:27:455 MST] 00000026 com.ibm.ws.webcontainer.servlet                              I SRVE0242I: [com.ibm.ws.microprofile.metrics.public] [/metrics] [PublicMetricsRESTProxyServlet]: Initialization successful.
[3/4/22, 9:57:27:459 MST] 00000021 com.ibm.ws.webcontainer.servlet                              I SRVE0242I: [com.ibm.ws.microprofile.openapi] [/openapi] [OpenAPIServlet]: Initialization successful.
[3/4/22, 9:57:27:505 MST] 00000028 com.ibm.ws.webcontainer.osgi.mbeans.PluginGenerator          I SRVE9103I: A configuration file for a web server plugin was automatically generated for this server at /home/melissa/Docs/Studyroom/begin/target/liberty/wlp/usr/servers/defaultServer/logs/state/plugin-cfg.xml.
[3/4/22, 9:57:27:527 MST] 00000038 com.ibm.ws.microprofile.openapi.ApplicationProcessor         I CWWKO1660I: The application demo was processed and an OpenAPI document was produced.
[3/4/22, 9:57:27:553 MST] 00000038 org.jboss.weld.Version                                       I WELD-000900: 3.1.0 (Final)
[3/4/22, 9:57:28:333 MST] 00000038 com.ibm.ws.webcontainer.osgi.webapp.WebGroup                 I SRVE0169I: Loading Web Module: demo.
[3/4/22, 9:57:28:333 MST] 00000038 com.ibm.ws.webcontainer                                      I SRVE0250I: Web Module demo has been bound to default_host.
[3/4/22, 9:57:28:334 MST] 00000038 com.ibm.ws.http.internal.VirtualHostImpl                     A CWWKT0016I: Web application available (default_host): http://localhost:9080/demo/
[3/4/22, 9:57:28:337 MST] 00000038 com.ibm.ws.app.manager.AppMessageHelper                      A CWWKZ0001I: Application demo started in 1.329 seconds.
[3/4/22, 9:57:28:337 MST] 00000055 com.ibm.ws.session.WASSessionCore                            I SESN0176I: A new session context will be created for application key default_host/demo
[3/4/22, 9:57:28:339 MST] 00000055 com.ibm.ws.util                                              I SESN0172I: The session manager is using the Java default SecureRandom implementation for session ID generation.
[3/4/22, 9:57:28:353 MST] 0000001d com.ibm.ws.kernel.feature.internal.FeatureManager            A CWWKF0012I: The server installed the following features: [appSecurity-2.0, cdi-2.0, concurrent-1.0, distributedMap-1.0, jaxrs-2.1, jaxrsClient-2.1, jndi-1.0, json-1.0, jsonb-1.0, jsonp-1.1, jwt-1.0, microProfile-2.2, mpConfig-1.3, mpFaultTolerance-2.0, mpHealth-1.0, mpJwt-1.1, mpMetrics-1.1, mpOpenAPI-1.1, mpOpenTracing-1.3, mpRestClient-1.2, opentracing-1.3, servlet-4.0, ssl-1.0].
[3/4/22, 9:57:28:353 MST] 0000001d com.ibm.ws.kernel.feature.internal.FeatureManager            I CWWKF0008I: Feature update completed in 3.016 seconds.
[3/4/22, 9:57:28:354 MST] 0000001d com.ibm.ws.kernel.feature.internal.FeatureManager            A CWWKF0011I: The defaultServer server is ready to run a smarter planet. The defaultServer server started in 3.856 seconds.
[3/4/22, 9:57:28:359 MST] 00000035 com.ibm.ws.webcontainer.osgi.mbeans.PluginGenerator          I SRVE9103I: A configuration file for a web server plugin was automatically generated for this server at /home/melissa/Docs/Studyroom/begin/target/liberty/wlp/usr/servers/defaultServer/logs/state/plugin-cfg.xml.
[3/4/22, 10:56:44:077 MST] 00000012 com.ibm.ws.kernel.launch.internal.FrameworkManager           A CWWKE0085I: The server defaultServer is stopping because the JVM is exiting.
[3/4/22, 10:56:44:100 MST] 0000007d com.ibm.ws.runtime.update.internal.RuntimeUpdateManagerImpl  A CWWKE1100I: Waiting for up to 30 seconds for the server to quiesce.
[3/4/22, 10:56:44:124 MST] 0000006c com.ibm.ws.tcpchannel.internal.TCPChannel                    I CWWKO0220I: TCP Channel defaultHttpEndpoint-ssl has stopped listening for requests on host localhost  (IPv4: 127.0.0.1) port 9443.
[3/4/22, 10:56:44:142 MST] 0000006c com.ibm.ws.tcpchannel.internal.TCPChannel                    I CWWKO0220I: TCP Channel defaultHttpEndpoint has stopped listening for requests on host localhost  (IPv4: 127.0.0.1) port 9080.
[3/4/22, 10:56:44:143 MST] 0000006c com.ibm.ws.http.internal.VirtualHostImpl                     A CWWKT0017I: Web application removed (default_host): http://localhost:9080/jwt/
[3/4/22, 10:56:44:144 MST] 0000006c com.ibm.ws.http.internal.VirtualHostImpl                     A CWWKT0017I: Web application removed (default_host): http://localhost:9080/demo/
[3/4/22, 10:56:44:144 MST] 0000006c com.ibm.ws.http.internal.VirtualHostImpl                     A CWWKT0017I: Web application removed (default_host): http://localhost:9080/openapi/ui/
[3/4/22, 10:56:44:144 MST] 0000006c com.ibm.ws.http.internal.VirtualHostImpl                     A CWWKT0017I: Web application removed (default_host): http://localhost:9080/metrics/
[3/4/22, 10:56:44:144 MST] 0000006c com.ibm.ws.http.internal.VirtualHostImpl                     A CWWKT0017I: Web application removed (default_host): http://localhost:9080/health/
[3/4/22, 10:56:44:145 MST] 0000006c com.ibm.ws.http.internal.VirtualHostImpl                     A CWWKT0017I: Web application removed (default_host): http://localhost:9080/ibm/api/
[3/4/22, 10:56:44:145 MST] 0000006c com.ibm.ws.http.internal.VirtualHostImpl                     A CWWKT0017I: Web application removed (default_host): http://localhost:9080/openapi/
[3/4/22, 10:56:44:346 MST] 00000013 com.ibm.ws.kernel.launch.internal.ServerCommandListener      A CWWKE0055I: Server shutdown requested on Friday, March 4, 2022 at 10:56 AM. The server defaultServer is shutting down.
[3/4/22, 10:56:45:150 MST] 0000007d com.ibm.ws.runtime.update.internal.RuntimeUpdateManagerImpl  I CWWKE1101I: Server quiesce complete.
[3/4/22, 10:56:45:236 MST] 00000076 com.ibm.ws.app.manager.AppMessageHelper                      A CWWKZ0009I: The application demo has stopped successfully.
[3/4/22, 10:56:45:498 MST] 0000007d .ws.security.mp.jwt.v11.config.impl.MpConfigProxyServiceImpl I CWWKS5777I: The MicroProfile JWT version 1.1 mpConfigProxy deactivated successfully.
[3/4/22, 10:56:45:502 MST] 0000007d com.ibm.ws.security.mp.jwt.impl.MicroProfileJwtConfigImpl    I CWWKS5502I: The MicroProfile JWT configuration [defaultMpJwt] was successfully deactivated.
[3/4/22, 10:56:45:503 MST] 0000007d com.ibm.ws.security.mp.jwt.impl.MicroProfileJwtServiceImpl   I CWWKS5502I: The MicroProfile JWT configuration [MicroProfileJwtService] was successfully deactivated.
[3/4/22, 10:56:45:609 MST] 0000007d ibm.ws.security.authentication.internal.jaas.JAASServiceImpl I CWWKS1124I: The collective authentication plugin with class name NullCollectiveAuthenticationPlugin has been deactivated. 
[3/4/22, 10:56:45:694 MST] 0000007d com.ibm.ws.security.ready.internal.SecurityReadyServiceImpl  I CWWKS0009I: The security service has stopped.
[3/4/22, 10:56:45:894 MST] 00000001 com.ibm.ws.kernel.launch.internal.FrameworkManager           A CWWKE0036I: The server defaultServer stopped after 59 minutes, 21.396 seconds.
